<?xml version="1.0" encoding="UTF-8"?>
<!-- Generated by org.testng.reporters.JUnitReportReporter -->
<testsuite hostname="LTIN189661" failures="0" tests="2" name="TestCases.Cars" time="16.697" errors="0" timestamp="2024-02-22T10:43:50 IST" skipped="0">
  <testcase classname="TestCases.Cars" name="goToUsedCarsMenu" time="10.784"/>
  <system-out/>
  <testcase classname="TestCases.Cars" name="getModelList" time="5.913"/>
  <system-out/>
</testsuite> <!-- TestCases.Cars -->
