<?xml version="1.0" encoding="UTF-8"?>
<!-- Generated by org.testng.reporters.JUnitReportReporter -->
<testsuite hostname="LTIN189661" failures="0" tests="3" name="TestCases.Bikes" time="16.265" errors="0" timestamp="2024-02-22T10:43:50 IST" skipped="0">
  <testcase classname="TestCases.Bikes" name="goToUpcomingBikes" time="1.602"/>
  <system-out/>
  <testcase classname="TestCases.Bikes" name="displayBikes" time="3.361"/>
  <system-out/>
  <testcase classname="TestCases.Bikes" name="getBikes" time="11.302"/>
  <system-out/>
</testsuite> <!-- TestCases.Bikes -->
