<?xml version="1.0" encoding="UTF-8"?>
<!-- Generated by org.testng.reporters.JUnitReportReporter -->
<testsuite hostname="LTIN279123" failures="0" tests="3" name="regressionTestCases.GoogleLogin" time="6.690" errors="0" timestamp="2024-02-27T11:43:38 IST" skipped="0">
  <testcase classname="regressionTestCases.GoogleLogin" name="clickLogin" time="2.280"/>
  <system-out/>
  <testcase classname="regressionTestCases.GoogleLogin" name="sendEmail" time="4.179"/>
  <system-out/>
  <testcase classname="regressionTestCases.GoogleLogin" name="getMessage" time="0.231"/>
  <system-out/>
</testsuite> <!-- regressionTestCases.GoogleLogin -->
