<?xml version="1.0" encoding="UTF-8"?>
<!-- Generated by org.testng.reporters.JUnitReportReporter -->
<testsuite hostname="LTIN279588" failures="0" tests="3" name="smokeTest.SmokeTest" time="8.067" errors="0" timestamp="2024-02-28T22:16:48 IST" skipped="0">
  <testcase classname="smokeTest.SmokeTest" name="upComingBikes" time="2.763"/>
  <system-out/>
  <testcase classname="smokeTest.SmokeTest" name="usedCars" time="4.042"/>
  <system-out/>
  <testcase classname="smokeTest.SmokeTest" name="testGoogleSignIn" time="1.262"/>
  <system-out/>
</testsuite> <!-- smokeTest.SmokeTest -->
