<?xml version="1.0" encoding="UTF-8"?>
<!-- Generated by org.testng.reporters.JUnitReportReporter -->
<testsuite hostname="LTIN189661" failures="0" tests="3" name="TestCases.GoogleLogin" time="7.003" errors="0" timestamp="2024-02-22T10:43:50 IST" skipped="0">
  <testcase classname="TestCases.GoogleLogin" name="clickLogin" time="3.032"/>
  <system-out/>
  <testcase classname="TestCases.GoogleLogin" name="sendEmail" time="3.569"/>
  <system-out/>
  <testcase classname="TestCases.GoogleLogin" name="getMessage" time="0.402"/>
  <system-out/>
</testsuite> <!-- TestCases.GoogleLogin -->
