<?xml version="1.0" encoding="UTF-8"?>
<!-- Generated by org.testng.reporters.JUnitReportReporter -->
<testsuite hostname="LTIN279123" failures="0" tests="2" name="regressionTestCases.Cars" time="16.671" errors="0" timestamp="2024-02-27T11:43:38 IST" skipped="0">
  <testcase classname="regressionTestCases.Cars" name="goToUsedCarsMenu" time="7.577"/>
  <system-out/>
  <testcase classname="regressionTestCases.Cars" name="getModelList" time="9.094"/>
  <system-out/>
</testsuite> <!-- regressionTestCases.Cars -->
