<?xml version="1.0" encoding="UTF-8"?>
<!-- Generated by org.testng.reporters.JUnitReportReporter -->
<testsuite hostname="LTIN279123" failures="0" tests="3" name="regressionTestCases.Bikes" time="24.023" errors="0" timestamp="2024-02-27T11:43:38 IST" skipped="0">
  <testcase classname="regressionTestCases.Bikes" name="goToUpcomingBikes" time="1.459"/>
  <system-out/>
  <testcase classname="regressionTestCases.Bikes" name="displayBikes" time="4.121"/>
  <system-out/>
  <testcase classname="regressionTestCases.Bikes" name="getBikes" time="18.443"/>
  <system-out/>
</testsuite> <!-- regressionTestCases.Bikes -->
